<?xml version="1.0" encoding="UTF-8"?>
<testng-results ignored="0" total="1" passed="1" failed="0" skipped="0">
  <reporter-output>
  </reporter-output>
  <suite started-at="2024-05-01T19:06:20 IST" name="Default suite" finished-at="2024-05-01T19:06:25 IST" duration-ms="5467">
    <groups>
    </groups>
    <test started-at="2024-05-01T19:06:20 IST" name="Default test" finished-at="2024-05-01T19:06:25 IST" duration-ms="5467">
      <class name="orangehrmproject.Demoorangehrm">
        <test-method is-config="true" signature="launchBrowser()[pri:0, instance:orangehrmproject.Demoorangehrm@6bedbc4d]" started-at="2024-05-01T19:06:20 IST" name="launchBrowser" finished-at="2024-05-01T19:06:24 IST" duration-ms="3774" status="PASS">
          <reporter-output>
          </reporter-output>
        </test-method> <!-- launchBrowser -->
        <test-method signature="loginpage()[pri:0, instance:orangehrmproject.Demoorangehrm@6bedbc4d]" started-at="2024-05-01T19:06:24 IST" name="loginpage" finished-at="2024-05-01T19:06:25 IST" duration-ms="1651" status="PASS">
          <reporter-output>
          </reporter-output>
        </test-method> <!-- loginpage -->
      </class> <!-- orangehrmproject.Demoorangehrm -->
    </test> <!-- Default test -->
  </suite> <!-- Default suite -->
</testng-results>
